<?xml version="1.0" encoding="UTF-8"?>
<!-- Generated by org.testng.reporters.JUnitReportReporter -->
<testsuite hostname="DESKTOP-TQOT31I" failures="0" tests="3" name="First_Script.LoginPage" time="0.119" errors="0" timestamp="2024-05-20T22:18:37 IST" skipped="0">
  <testcase classname="First_Script.LoginPage" name="Submit" time="0.005"/>
  <testcase classname="First_Script.LoginPage" name="MobileNo" time="0.006"/>
  <testcase classname="First_Script.LoginPage" name="EmailId" time="0.108"/>
</testsuite> <!-- First_Script.LoginPage -->
