<?xml version="1.0" encoding="UTF-8"?>
<!-- Generated by org.testng.reporters.JUnitReportReporter -->
<testsuite hostname="DESKTOP-TQOT31I" failures="0" tests="1" name="mvn_code.Mvn_FirstCode" time="2.251" errors="0" timestamp="2024-05-18T11:40:57 IST" skipped="0">
  <testcase classname="mvn_code.Mvn_FirstCode" name="f" time="2.251"/>
</testsuite> <!-- mvn_code.Mvn_FirstCode -->
