<?xml version="1.0" encoding="UTF-8"?>
<!-- Generated by org.testng.reporters.JUnitReportReporter -->
<testsuite hostname="DESKTOP-TQOT31I" failures="0" tests="2" name="Third_Script.OrderHistory" time="0.013" errors="0" timestamp="2024-05-20T22:18:37 IST" skipped="0">
  <testcase classname="Third_Script.OrderHistory" name="OrderList" time="0.009"/>
  <testcase classname="Third_Script.OrderHistory" name="duplicateorder" time="0.004"/>
</testsuite> <!-- Third_Script.OrderHistory -->
