<?xml version="1.0" encoding="UTF-8"?>
<!-- Generated by org.testng.reporters.JUnitReportReporter -->
<testsuite hostname="DESKTOP-TQOT31I" failures="0" tests="1" name="mvn_code.ScrollPageUpandDown" time="6.177" errors="0" timestamp="2024-05-18T11:59:36 IST" skipped="0">
  <testcase classname="mvn_code.ScrollPageUpandDown" name="Scrollbar" time="6.177"/>
</testsuite> <!-- mvn_code.ScrollPageUpandDown -->
