<?xml version="1.0" encoding="UTF-8"?>
<!-- Generated by org.testng.reporters.JUnitReportReporter -->
<testsuite hostname="DESKTOP-TQOT31I" failures="0" tests="1" name="mvn_code.fisrt_script" time="7.204" errors="0" timestamp="2024-05-18T02:28:02 IST" skipped="0">
  <testcase classname="mvn_code.fisrt_script" name="ScrollPage" time="7.204"/>
</testsuite> <!-- mvn_code.fisrt_script -->
