<?xml version="1.0" encoding="UTF-8"?>
<!-- Generated by org.testng.reporters.JUnitReportReporter -->
<testsuite hostname="DESKTOP-TQOT31I" failures="0" tests="4" name="Second_Script.HomePage" time="0.021" errors="0" timestamp="2024-05-22T22:06:54 IST" skipped="0">
  <testcase classname="Second_Script.HomePage" name="CustomerLinks" time="0.009"/>
  <testcase classname="Second_Script.HomePage" name="Product" time="0.006"/>
  <testcase classname="Second_Script.HomePage" name="SearchOption" time="0.002"/>
  <testcase classname="Second_Script.HomePage" name="Menue" time="0.004"/>
</testsuite> <!-- Second_Script.HomePage -->
